2013/03/09 15:09:36 [error] [exception.CException] exception 'CException' with message 'Property "CWebUser.bootstrap" is not defined.' in /Users/bryan/Sites/tecneeds/yii-1.1.13.e9e4a0/framework/base/CComponent.php:173
Stack trace:
#0 /Users/bryan/Sites/tecneeds/yii-1.1.13.e9e4a0/framework/web/auth/CWebUser.php(154): CComponent->__set('bootstrap', Array)
#1 /Users/bryan/Sites/tecneeds/yii-1.1.13.e9e4a0/framework/YiiBase.php(220): CWebUser->__set('bootstrap', Array)
#2 /Users/bryan/Sites/tecneeds/yii-1.1.13.e9e4a0/framework/base/CModule.php(386): YiiBase::createComponent(Array)
#3 /Users/bryan/Sites/tecneeds/yii-1.1.13.e9e4a0/framework/base/CModule.php(103): CModule->getComponent('user')
#4 /Users/bryan/Sites/tecneeds/tecneeds/protected/views/layouts/main.php(35): CModule->__get('user')
#5 /Users/bryan/Sites/tecneeds/yii-1.1.13.e9e4a0/framework/web/CBaseController.php(126): require('/Users/bryan/Si...')
#6 /Users/bryan/Sites/tecneeds/yii-1.1.13.e9e4a0/framework/web/CBaseController.php(95): CBaseController->renderInternal('/Users/bryan/Si...', Array, true)
#7 /Users/bryan/Sites/tecneeds/yii-1.1.13.e9e4a0/framework/web/widgets/CContentDecorator.php(76): CBaseController->renderFile('/Users/bryan/Si...', Array, true)
#8 /Users/bryan/Sites/tecneeds/yii-1.1.13.e9e4a0/framework/web/widgets/CContentDecorator.php(54): CContentDecorator->decorate('<div id="conten...')
#9 /Users/bryan/Sites/tecneeds/yii-1.1.13.e9e4a0/framework/web/widgets/COutputProcessor.php(44): CContentDecorator->processOutput('<div id="conten...')
#10 /Users/bryan/Sites/tecneeds/yii-1.1.13.e9e4a0/framework/web/CBaseController.php(206): COutputProcessor->run()
#11 /Users/bryan/Sites/tecneeds/yii-1.1.13.e9e4a0/framework/web/CBaseController.php(300): CBaseController->endWidget('CContentDecorat...')
#12 /Users/bryan/Sites/tecneeds/tecneeds/protected/views/layouts/column1.php(6): CBaseController->endContent()
#13 /Users/bryan/Sites/tecneeds/yii-1.1.13.e9e4a0/framework/web/CBaseController.php(126): require('/Users/bryan/Si...')
#14 /Users/bryan/Sites/tecneeds/yii-1.1.13.e9e4a0/framework/web/CBaseController.php(95): CBaseController->renderInternal('/Users/bryan/Si...', Array, true)
#15 /Users/bryan/Sites/tecneeds/yii-1.1.13.e9e4a0/framework/web/CController.php(784): CBaseController->renderFile('/Users/bryan/Si...', Array, true)
#16 /Users/bryan/Sites/tecneeds/tecneeds/protected/controllers/SiteController.php(32): CController->render('index')
#17 /Users/bryan/Sites/tecneeds/yii-1.1.13.e9e4a0/framework/web/actions/CInlineAction.php(49): SiteController->actionIndex()
#18 /Users/bryan/Sites/tecneeds/yii-1.1.13.e9e4a0/framework/web/CController.php(308): CInlineAction->runWithParams(Array)
#19 /Users/bryan/Sites/tecneeds/yii-1.1.13.e9e4a0/framework/web/CController.php(286): CController->runAction(Object(CInlineAction))
#20 /Users/bryan/Sites/tecneeds/yii-1.1.13.e9e4a0/framework/web/CController.php(265): CController->runActionWithFilters(Object(CInlineAction), Array)
#21 /Users/bryan/Sites/tecneeds/yii-1.1.13.e9e4a0/framework/web/CWebApplication.php(282): CController->run('')
#22 /Users/bryan/Sites/tecneeds/yii-1.1.13.e9e4a0/framework/web/CWebApplication.php(141): CWebApplication->runController('')
#23 /Users/bryan/Sites/tecneeds/yii-1.1.13.e9e4a0/framework/base/CApplication.php(169): CWebApplication->processRequest()
#24 /Users/bryan/Sites/tecneeds/tecneeds/index.php(13): CApplication->run()
#25 {main}
REQUEST_URI=/tecneeds/
---
2013/03/09 15:10:52 [error] [exception.CException] exception 'CException' with message 'Property "CWebUser.bootstrap" is not defined.' in /Users/bryan/Sites/tecneeds/yii-1.1.13.e9e4a0/framework/base/CComponent.php:173
Stack trace:
#0 /Users/bryan/Sites/tecneeds/yii-1.1.13.e9e4a0/framework/web/auth/CWebUser.php(154): CComponent->__set('bootstrap', Array)
#1 /Users/bryan/Sites/tecneeds/yii-1.1.13.e9e4a0/framework/YiiBase.php(220): CWebUser->__set('bootstrap', Array)
#2 /Users/bryan/Sites/tecneeds/yii-1.1.13.e9e4a0/framework/base/CModule.php(386): YiiBase::createComponent(Array)
#3 /Users/bryan/Sites/tecneeds/yii-1.1.13.e9e4a0/framework/base/CModule.php(103): CModule->getComponent('user')
#4 /Users/bryan/Sites/tecneeds/tecneeds/protected/views/layouts/main.php(35): CModule->__get('user')
#5 /Users/bryan/Sites/tecneeds/yii-1.1.13.e9e4a0/framework/web/CBaseController.php(126): require('/Users/bryan/Si...')
#6 /Users/bryan/Sites/tecneeds/yii-1.1.13.e9e4a0/framework/web/CBaseController.php(95): CBaseController->renderInternal('/Users/bryan/Si...', Array, true)
#7 /Users/bryan/Sites/tecneeds/yii-1.1.13.e9e4a0/framework/web/widgets/CContentDecorator.php(76): CBaseController->renderFile('/Users/bryan/Si...', Array, true)
#8 /Users/bryan/Sites/tecneeds/yii-1.1.13.e9e4a0/framework/web/widgets/CContentDecorator.php(54): CContentDecorator->decorate('<div id="conten...')
#9 /Users/bryan/Sites/tecneeds/yii-1.1.13.e9e4a0/framework/web/widgets/COutputProcessor.php(44): CContentDecorator->processOutput('<div id="conten...')
#10 /Users/bryan/Sites/tecneeds/yii-1.1.13.e9e4a0/framework/web/CBaseController.php(206): COutputProcessor->run()
#11 /Users/bryan/Sites/tecneeds/yii-1.1.13.e9e4a0/framework/web/CBaseController.php(300): CBaseController->endWidget('CContentDecorat...')
#12 /Users/bryan/Sites/tecneeds/tecneeds/protected/views/layouts/column1.php(6): CBaseController->endContent()
#13 /Users/bryan/Sites/tecneeds/yii-1.1.13.e9e4a0/framework/web/CBaseController.php(126): require('/Users/bryan/Si...')
#14 /Users/bryan/Sites/tecneeds/yii-1.1.13.e9e4a0/framework/web/CBaseController.php(95): CBaseController->renderInternal('/Users/bryan/Si...', Array, true)
#15 /Users/bryan/Sites/tecneeds/yii-1.1.13.e9e4a0/framework/web/CController.php(784): CBaseController->renderFile('/Users/bryan/Si...', Array, true)
#16 /Users/bryan/Sites/tecneeds/tecneeds/protected/controllers/SiteController.php(32): CController->render('index')
#17 /Users/bryan/Sites/tecneeds/yii-1.1.13.e9e4a0/framework/web/actions/CInlineAction.php(49): SiteController->actionIndex()
#18 /Users/bryan/Sites/tecneeds/yii-1.1.13.e9e4a0/framework/web/CController.php(308): CInlineAction->runWithParams(Array)
#19 /Users/bryan/Sites/tecneeds/yii-1.1.13.e9e4a0/framework/web/CController.php(286): CController->runAction(Object(CInlineAction))
#20 /Users/bryan/Sites/tecneeds/yii-1.1.13.e9e4a0/framework/web/CController.php(265): CController->runActionWithFilters(Object(CInlineAction), Array)
#21 /Users/bryan/Sites/tecneeds/yii-1.1.13.e9e4a0/framework/web/CWebApplication.php(282): CController->run('')
#22 /Users/bryan/Sites/tecneeds/yii-1.1.13.e9e4a0/framework/web/CWebApplication.php(141): CWebApplication->runController('')
#23 /Users/bryan/Sites/tecneeds/yii-1.1.13.e9e4a0/framework/base/CApplication.php(169): CWebApplication->processRequest()
#24 /Users/bryan/Sites/tecneeds/tecneeds/index.php(13): CApplication->run()
#25 {main}
REQUEST_URI=/tecneeds/
---
2013/03/09 15:12:04 [error] [exception.CException] exception 'CException' with message 'Property "CWebUser.bootstrap" is not defined.' in /Users/bryan/Sites/tecneeds/yii-1.1.13.e9e4a0/framework/base/CComponent.php:173
Stack trace:
#0 /Users/bryan/Sites/tecneeds/yii-1.1.13.e9e4a0/framework/web/auth/CWebUser.php(154): CComponent->__set('bootstrap', Array)
#1 /Users/bryan/Sites/tecneeds/yii-1.1.13.e9e4a0/framework/YiiBase.php(220): CWebUser->__set('bootstrap', Array)
#2 /Users/bryan/Sites/tecneeds/yii-1.1.13.e9e4a0/framework/base/CModule.php(386): YiiBase::createComponent(Array)
#3 /Users/bryan/Sites/tecneeds/yii-1.1.13.e9e4a0/framework/base/CModule.php(103): CModule->getComponent('user')
#4 /Users/bryan/Sites/tecneeds/tecneeds/protected/views/layouts/main.php(35): CModule->__get('user')
#5 /Users/bryan/Sites/tecneeds/yii-1.1.13.e9e4a0/framework/web/CBaseController.php(126): require('/Users/bryan/Si...')
#6 /Users/bryan/Sites/tecneeds/yii-1.1.13.e9e4a0/framework/web/CBaseController.php(95): CBaseController->renderInternal('/Users/bryan/Si...', Array, true)
#7 /Users/bryan/Sites/tecneeds/yii-1.1.13.e9e4a0/framework/web/widgets/CContentDecorator.php(76): CBaseController->renderFile('/Users/bryan/Si...', Array, true)
#8 /Users/bryan/Sites/tecneeds/yii-1.1.13.e9e4a0/framework/web/widgets/CContentDecorator.php(54): CContentDecorator->decorate('<div id="conten...')
#9 /Users/bryan/Sites/tecneeds/yii-1.1.13.e9e4a0/framework/web/widgets/COutputProcessor.php(44): CContentDecorator->processOutput('<div id="conten...')
#10 /Users/bryan/Sites/tecneeds/yii-1.1.13.e9e4a0/framework/web/CBaseController.php(206): COutputProcessor->run()
#11 /Users/bryan/Sites/tecneeds/yii-1.1.13.e9e4a0/framework/web/CBaseController.php(300): CBaseController->endWidget('CContentDecorat...')
#12 /Users/bryan/Sites/tecneeds/tecneeds/protected/views/layouts/column1.php(6): CBaseController->endContent()
#13 /Users/bryan/Sites/tecneeds/yii-1.1.13.e9e4a0/framework/web/CBaseController.php(126): require('/Users/bryan/Si...')
#14 /Users/bryan/Sites/tecneeds/yii-1.1.13.e9e4a0/framework/web/CBaseController.php(95): CBaseController->renderInternal('/Users/bryan/Si...', Array, true)
#15 /Users/bryan/Sites/tecneeds/yii-1.1.13.e9e4a0/framework/web/CController.php(784): CBaseController->renderFile('/Users/bryan/Si...', Array, true)
#16 /Users/bryan/Sites/tecneeds/tecneeds/protected/controllers/SiteController.php(32): CController->render('index')
#17 /Users/bryan/Sites/tecneeds/yii-1.1.13.e9e4a0/framework/web/actions/CInlineAction.php(49): SiteController->actionIndex()
#18 /Users/bryan/Sites/tecneeds/yii-1.1.13.e9e4a0/framework/web/CController.php(308): CInlineAction->runWithParams(Array)
#19 /Users/bryan/Sites/tecneeds/yii-1.1.13.e9e4a0/framework/web/CController.php(286): CController->runAction(Object(CInlineAction))
#20 /Users/bryan/Sites/tecneeds/yii-1.1.13.e9e4a0/framework/web/CController.php(265): CController->runActionWithFilters(Object(CInlineAction), Array)
#21 /Users/bryan/Sites/tecneeds/yii-1.1.13.e9e4a0/framework/web/CWebApplication.php(282): CController->run('')
#22 /Users/bryan/Sites/tecneeds/yii-1.1.13.e9e4a0/framework/web/CWebApplication.php(141): CWebApplication->runController('')
#23 /Users/bryan/Sites/tecneeds/yii-1.1.13.e9e4a0/framework/base/CApplication.php(169): CWebApplication->processRequest()
#24 /Users/bryan/Sites/tecneeds/tecneeds/index.php(13): CApplication->run()
#25 {main}
REQUEST_URI=/tecneeds/
---
2013/03/09 15:12:05 [error] [exception.CException] exception 'CException' with message 'Property "CWebUser.bootstrap" is not defined.' in /Users/bryan/Sites/tecneeds/yii-1.1.13.e9e4a0/framework/base/CComponent.php:173
Stack trace:
#0 /Users/bryan/Sites/tecneeds/yii-1.1.13.e9e4a0/framework/web/auth/CWebUser.php(154): CComponent->__set('bootstrap', Array)
#1 /Users/bryan/Sites/tecneeds/yii-1.1.13.e9e4a0/framework/YiiBase.php(220): CWebUser->__set('bootstrap', Array)
#2 /Users/bryan/Sites/tecneeds/yii-1.1.13.e9e4a0/framework/base/CModule.php(386): YiiBase::createComponent(Array)
#3 /Users/bryan/Sites/tecneeds/yii-1.1.13.e9e4a0/framework/base/CModule.php(103): CModule->getComponent('user')
#4 /Users/bryan/Sites/tecneeds/tecneeds/protected/views/layouts/main.php(35): CModule->__get('user')
#5 /Users/bryan/Sites/tecneeds/yii-1.1.13.e9e4a0/framework/web/CBaseController.php(126): require('/Users/bryan/Si...')
#6 /Users/bryan/Sites/tecneeds/yii-1.1.13.e9e4a0/framework/web/CBaseController.php(95): CBaseController->renderInternal('/Users/bryan/Si...', Array, true)
#7 /Users/bryan/Sites/tecneeds/yii-1.1.13.e9e4a0/framework/web/widgets/CContentDecorator.php(76): CBaseController->renderFile('/Users/bryan/Si...', Array, true)
#8 /Users/bryan/Sites/tecneeds/yii-1.1.13.e9e4a0/framework/web/widgets/CContentDecorator.php(54): CContentDecorator->decorate('<div id="conten...')
#9 /Users/bryan/Sites/tecneeds/yii-1.1.13.e9e4a0/framework/web/widgets/COutputProcessor.php(44): CContentDecorator->processOutput('<div id="conten...')
#10 /Users/bryan/Sites/tecneeds/yii-1.1.13.e9e4a0/framework/web/CBaseController.php(206): COutputProcessor->run()
#11 /Users/bryan/Sites/tecneeds/yii-1.1.13.e9e4a0/framework/web/CBaseController.php(300): CBaseController->endWidget('CContentDecorat...')
#12 /Users/bryan/Sites/tecneeds/tecneeds/protected/views/layouts/column1.php(6): CBaseController->endContent()
#13 /Users/bryan/Sites/tecneeds/yii-1.1.13.e9e4a0/framework/web/CBaseController.php(126): require('/Users/bryan/Si...')
#14 /Users/bryan/Sites/tecneeds/yii-1.1.13.e9e4a0/framework/web/CBaseController.php(95): CBaseController->renderInternal('/Users/bryan/Si...', Array, true)
#15 /Users/bryan/Sites/tecneeds/yii-1.1.13.e9e4a0/framework/web/CController.php(784): CBaseController->renderFile('/Users/bryan/Si...', Array, true)
#16 /Users/bryan/Sites/tecneeds/tecneeds/protected/controllers/SiteController.php(32): CController->render('index')
#17 /Users/bryan/Sites/tecneeds/yii-1.1.13.e9e4a0/framework/web/actions/CInlineAction.php(49): SiteController->actionIndex()
#18 /Users/bryan/Sites/tecneeds/yii-1.1.13.e9e4a0/framework/web/CController.php(308): CInlineAction->runWithParams(Array)
#19 /Users/bryan/Sites/tecneeds/yii-1.1.13.e9e4a0/framework/web/CController.php(286): CController->runAction(Object(CInlineAction))
#20 /Users/bryan/Sites/tecneeds/yii-1.1.13.e9e4a0/framework/web/CController.php(265): CController->runActionWithFilters(Object(CInlineAction), Array)
#21 /Users/bryan/Sites/tecneeds/yii-1.1.13.e9e4a0/framework/web/CWebApplication.php(282): CController->run('')
#22 /Users/bryan/Sites/tecneeds/yii-1.1.13.e9e4a0/framework/web/CWebApplication.php(141): CWebApplication->runController('')
#23 /Users/bryan/Sites/tecneeds/yii-1.1.13.e9e4a0/framework/base/CApplication.php(169): CWebApplication->processRequest()
#24 /Users/bryan/Sites/tecneeds/tecneeds/index.php(13): CApplication->run()
#25 {main}
REQUEST_URI=/tecneeds/
---
2013/03/09 15:12:47 [error] [exception.CException] exception 'CException' with message 'Property "CWebUser.bootstrap" is not defined.' in /Users/bryan/Sites/tecneeds/yii-1.1.13.e9e4a0/framework/base/CComponent.php:173
Stack trace:
#0 /Users/bryan/Sites/tecneeds/yii-1.1.13.e9e4a0/framework/web/auth/CWebUser.php(154): CComponent->__set('bootstrap', Array)
#1 /Users/bryan/Sites/tecneeds/yii-1.1.13.e9e4a0/framework/YiiBase.php(220): CWebUser->__set('bootstrap', Array)
#2 /Users/bryan/Sites/tecneeds/yii-1.1.13.e9e4a0/framework/base/CModule.php(386): YiiBase::createComponent(Array)
#3 /Users/bryan/Sites/tecneeds/yii-1.1.13.e9e4a0/framework/base/CModule.php(103): CModule->getComponent('user')
#4 /Users/bryan/Sites/tecneeds/tecneeds/protected/views/layouts/main.php(35): CModule->__get('user')
#5 /Users/bryan/Sites/tecneeds/yii-1.1.13.e9e4a0/framework/web/CBaseController.php(126): require('/Users/bryan/Si...')
#6 /Users/bryan/Sites/tecneeds/yii-1.1.13.e9e4a0/framework/web/CBaseController.php(95): CBaseController->renderInternal('/Users/bryan/Si...', Array, true)
#7 /Users/bryan/Sites/tecneeds/yii-1.1.13.e9e4a0/framework/web/widgets/CContentDecorator.php(76): CBaseController->renderFile('/Users/bryan/Si...', Array, true)
#8 /Users/bryan/Sites/tecneeds/yii-1.1.13.e9e4a0/framework/web/widgets/CContentDecorator.php(54): CContentDecorator->decorate('<div id="conten...')
#9 /Users/bryan/Sites/tecneeds/yii-1.1.13.e9e4a0/framework/web/widgets/COutputProcessor.php(44): CContentDecorator->processOutput('<div id="conten...')
#10 /Users/bryan/Sites/tecneeds/yii-1.1.13.e9e4a0/framework/web/CBaseController.php(206): COutputProcessor->run()
#11 /Users/bryan/Sites/tecneeds/yii-1.1.13.e9e4a0/framework/web/CBaseController.php(300): CBaseController->endWidget('CContentDecorat...')
#12 /Users/bryan/Sites/tecneeds/tecneeds/protected/views/layouts/column1.php(6): CBaseController->endContent()
#13 /Users/bryan/Sites/tecneeds/yii-1.1.13.e9e4a0/framework/web/CBaseController.php(126): require('/Users/bryan/Si...')
#14 /Users/bryan/Sites/tecneeds/yii-1.1.13.e9e4a0/framework/web/CBaseController.php(95): CBaseController->renderInternal('/Users/bryan/Si...', Array, true)
#15 /Users/bryan/Sites/tecneeds/yii-1.1.13.e9e4a0/framework/web/CController.php(784): CBaseController->renderFile('/Users/bryan/Si...', Array, true)
#16 /Users/bryan/Sites/tecneeds/tecneeds/protected/controllers/SiteController.php(32): CController->render('index')
#17 /Users/bryan/Sites/tecneeds/yii-1.1.13.e9e4a0/framework/web/actions/CInlineAction.php(49): SiteController->actionIndex()
#18 /Users/bryan/Sites/tecneeds/yii-1.1.13.e9e4a0/framework/web/CController.php(308): CInlineAction->runWithParams(Array)
#19 /Users/bryan/Sites/tecneeds/yii-1.1.13.e9e4a0/framework/web/CController.php(286): CController->runAction(Object(CInlineAction))
#20 /Users/bryan/Sites/tecneeds/yii-1.1.13.e9e4a0/framework/web/CController.php(265): CController->runActionWithFilters(Object(CInlineAction), Array)
#21 /Users/bryan/Sites/tecneeds/yii-1.1.13.e9e4a0/framework/web/CWebApplication.php(282): CController->run('')
#22 /Users/bryan/Sites/tecneeds/yii-1.1.13.e9e4a0/framework/web/CWebApplication.php(141): CWebApplication->runController('')
#23 /Users/bryan/Sites/tecneeds/yii-1.1.13.e9e4a0/framework/base/CApplication.php(169): CWebApplication->processRequest()
#24 /Users/bryan/Sites/tecneeds/tecneeds/index.php(13): CApplication->run()
#25 {main}
REQUEST_URI=/tecneeds/
---
2013/03/09 15:13:15 [error] [exception.CException] exception 'CException' with message 'Alias "bootstrap.widgets.TbHeroUnit" is invalid. Make sure it points to an existing PHP file and the file is readable.' in /Users/bryan/Sites/tecneeds/yii-1.1.13.e9e4a0/framework/YiiBase.php:316
Stack trace:
#0 /Users/bryan/Sites/tecneeds/yii-1.1.13.e9e4a0/framework/web/CWidgetFactory.php(146): YiiBase::import('bootstrap.widge...', true)
#1 /Users/bryan/Sites/tecneeds/yii-1.1.13.e9e4a0/framework/web/CBaseController.php(146): CWidgetFactory->createWidget(Object(SiteController), 'bootstrap.widge...', Array)
#2 /Users/bryan/Sites/tecneeds/yii-1.1.13.e9e4a0/framework/web/CBaseController.php(189): CBaseController->createWidget('bootstrap.widge...', Array)
#3 /Users/bryan/Sites/tecneeds/tecneeds/themes/bootstrap/views/site/index.php(9): CBaseController->beginWidget('bootstrap.widge...', Array)
#4 /Users/bryan/Sites/tecneeds/yii-1.1.13.e9e4a0/framework/web/CBaseController.php(126): require('/Users/bryan/Si...')
#5 /Users/bryan/Sites/tecneeds/yii-1.1.13.e9e4a0/framework/web/CBaseController.php(95): CBaseController->renderInternal('/Users/bryan/Si...', NULL, true)
#6 /Users/bryan/Sites/tecneeds/yii-1.1.13.e9e4a0/framework/web/CController.php(869): CBaseController->renderFile('/Users/bryan/Si...', NULL, true)
#7 /Users/bryan/Sites/tecneeds/yii-1.1.13.e9e4a0/framework/web/CController.php(782): CController->renderPartial('index', NULL, true)
#8 /Users/bryan/Sites/tecneeds/tecneeds/protected/controllers/SiteController.php(32): CController->render('index')
#9 /Users/bryan/Sites/tecneeds/yii-1.1.13.e9e4a0/framework/web/actions/CInlineAction.php(49): SiteController->actionIndex()
#10 /Users/bryan/Sites/tecneeds/yii-1.1.13.e9e4a0/framework/web/CController.php(308): CInlineAction->runWithParams(Array)
#11 /Users/bryan/Sites/tecneeds/yii-1.1.13.e9e4a0/framework/web/CController.php(286): CController->runAction(Object(CInlineAction))
#12 /Users/bryan/Sites/tecneeds/yii-1.1.13.e9e4a0/framework/web/CController.php(265): CController->runActionWithFilters(Object(CInlineAction), Array)
#13 /Users/bryan/Sites/tecneeds/yii-1.1.13.e9e4a0/framework/web/CWebApplication.php(282): CController->run('')
#14 /Users/bryan/Sites/tecneeds/yii-1.1.13.e9e4a0/framework/web/CWebApplication.php(141): CWebApplication->runController('')
#15 /Users/bryan/Sites/tecneeds/yii-1.1.13.e9e4a0/framework/base/CApplication.php(169): CWebApplication->processRequest()
#16 /Users/bryan/Sites/tecneeds/tecneeds/index.php(13): CApplication->run()
#17 {main}
REQUEST_URI=/tecneeds/
---
2013/03/09 15:13:16 [error] [exception.CException] exception 'CException' with message 'Alias "bootstrap.widgets.TbHeroUnit" is invalid. Make sure it points to an existing PHP file and the file is readable.' in /Users/bryan/Sites/tecneeds/yii-1.1.13.e9e4a0/framework/YiiBase.php:316
Stack trace:
#0 /Users/bryan/Sites/tecneeds/yii-1.1.13.e9e4a0/framework/web/CWidgetFactory.php(146): YiiBase::import('bootstrap.widge...', true)
#1 /Users/bryan/Sites/tecneeds/yii-1.1.13.e9e4a0/framework/web/CBaseController.php(146): CWidgetFactory->createWidget(Object(SiteController), 'bootstrap.widge...', Array)
#2 /Users/bryan/Sites/tecneeds/yii-1.1.13.e9e4a0/framework/web/CBaseController.php(189): CBaseController->createWidget('bootstrap.widge...', Array)
#3 /Users/bryan/Sites/tecneeds/tecneeds/themes/bootstrap/views/site/index.php(9): CBaseController->beginWidget('bootstrap.widge...', Array)
#4 /Users/bryan/Sites/tecneeds/yii-1.1.13.e9e4a0/framework/web/CBaseController.php(126): require('/Users/bryan/Si...')
#5 /Users/bryan/Sites/tecneeds/yii-1.1.13.e9e4a0/framework/web/CBaseController.php(95): CBaseController->renderInternal('/Users/bryan/Si...', NULL, true)
#6 /Users/bryan/Sites/tecneeds/yii-1.1.13.e9e4a0/framework/web/CController.php(869): CBaseController->renderFile('/Users/bryan/Si...', NULL, true)
#7 /Users/bryan/Sites/tecneeds/yii-1.1.13.e9e4a0/framework/web/CController.php(782): CController->renderPartial('index', NULL, true)
#8 /Users/bryan/Sites/tecneeds/tecneeds/protected/controllers/SiteController.php(32): CController->render('index')
#9 /Users/bryan/Sites/tecneeds/yii-1.1.13.e9e4a0/framework/web/actions/CInlineAction.php(49): SiteController->actionIndex()
#10 /Users/bryan/Sites/tecneeds/yii-1.1.13.e9e4a0/framework/web/CController.php(308): CInlineAction->runWithParams(Array)
#11 /Users/bryan/Sites/tecneeds/yii-1.1.13.e9e4a0/framework/web/CController.php(286): CController->runAction(Object(CInlineAction))
#12 /Users/bryan/Sites/tecneeds/yii-1.1.13.e9e4a0/framework/web/CController.php(265): CController->runActionWithFilters(Object(CInlineAction), Array)
#13 /Users/bryan/Sites/tecneeds/yii-1.1.13.e9e4a0/framework/web/CWebApplication.php(282): CController->run('')
#14 /Users/bryan/Sites/tecneeds/yii-1.1.13.e9e4a0/framework/web/CWebApplication.php(141): CWebApplication->runController('')
#15 /Users/bryan/Sites/tecneeds/yii-1.1.13.e9e4a0/framework/base/CApplication.php(169): CWebApplication->processRequest()
#16 /Users/bryan/Sites/tecneeds/tecneeds/index.php(13): CApplication->run()
#17 {main}
REQUEST_URI=/tecneeds/
---
2013/03/09 15:13:17 [error] [exception.CException] exception 'CException' with message 'Alias "bootstrap.widgets.TbHeroUnit" is invalid. Make sure it points to an existing PHP file and the file is readable.' in /Users/bryan/Sites/tecneeds/yii-1.1.13.e9e4a0/framework/YiiBase.php:316
Stack trace:
#0 /Users/bryan/Sites/tecneeds/yii-1.1.13.e9e4a0/framework/web/CWidgetFactory.php(146): YiiBase::import('bootstrap.widge...', true)
#1 /Users/bryan/Sites/tecneeds/yii-1.1.13.e9e4a0/framework/web/CBaseController.php(146): CWidgetFactory->createWidget(Object(SiteController), 'bootstrap.widge...', Array)
#2 /Users/bryan/Sites/tecneeds/yii-1.1.13.e9e4a0/framework/web/CBaseController.php(189): CBaseController->createWidget('bootstrap.widge...', Array)
#3 /Users/bryan/Sites/tecneeds/tecneeds/themes/bootstrap/views/site/index.php(9): CBaseController->beginWidget('bootstrap.widge...', Array)
#4 /Users/bryan/Sites/tecneeds/yii-1.1.13.e9e4a0/framework/web/CBaseController.php(126): require('/Users/bryan/Si...')
#5 /Users/bryan/Sites/tecneeds/yii-1.1.13.e9e4a0/framework/web/CBaseController.php(95): CBaseController->renderInternal('/Users/bryan/Si...', NULL, true)
#6 /Users/bryan/Sites/tecneeds/yii-1.1.13.e9e4a0/framework/web/CController.php(869): CBaseController->renderFile('/Users/bryan/Si...', NULL, true)
#7 /Users/bryan/Sites/tecneeds/yii-1.1.13.e9e4a0/framework/web/CController.php(782): CController->renderPartial('index', NULL, true)
#8 /Users/bryan/Sites/tecneeds/tecneeds/protected/controllers/SiteController.php(32): CController->render('index')
#9 /Users/bryan/Sites/tecneeds/yii-1.1.13.e9e4a0/framework/web/actions/CInlineAction.php(49): SiteController->actionIndex()
#10 /Users/bryan/Sites/tecneeds/yii-1.1.13.e9e4a0/framework/web/CController.php(308): CInlineAction->runWithParams(Array)
#11 /Users/bryan/Sites/tecneeds/yii-1.1.13.e9e4a0/framework/web/CController.php(286): CController->runAction(Object(CInlineAction))
#12 /Users/bryan/Sites/tecneeds/yii-1.1.13.e9e4a0/framework/web/CController.php(265): CController->runActionWithFilters(Object(CInlineAction), Array)
#13 /Users/bryan/Sites/tecneeds/yii-1.1.13.e9e4a0/framework/web/CWebApplication.php(282): CController->run('')
#14 /Users/bryan/Sites/tecneeds/yii-1.1.13.e9e4a0/framework/web/CWebApplication.php(141): CWebApplication->runController('')
#15 /Users/bryan/Sites/tecneeds/yii-1.1.13.e9e4a0/framework/base/CApplication.php(169): CWebApplication->processRequest()
#16 /Users/bryan/Sites/tecneeds/tecneeds/index.php(13): CApplication->run()
#17 {main}
REQUEST_URI=/tecneeds/
---
2013/03/09 15:13:47 [error] [exception.CException] exception 'CException' with message 'Alias "bootstrap.widgets.TbHeroUnit" is invalid. Make sure it points to an existing PHP file and the file is readable.' in /Users/bryan/Sites/tecneeds/yii-1.1.13.e9e4a0/framework/YiiBase.php:316
Stack trace:
#0 /Users/bryan/Sites/tecneeds/yii-1.1.13.e9e4a0/framework/web/CWidgetFactory.php(146): YiiBase::import('bootstrap.widge...', true)
#1 /Users/bryan/Sites/tecneeds/yii-1.1.13.e9e4a0/framework/web/CBaseController.php(146): CWidgetFactory->createWidget(Object(SiteController), 'bootstrap.widge...', Array)
#2 /Users/bryan/Sites/tecneeds/yii-1.1.13.e9e4a0/framework/web/CBaseController.php(189): CBaseController->createWidget('bootstrap.widge...', Array)
#3 /Users/bryan/Sites/tecneeds/tecneeds/themes/bootstrap/views/site/index.php(9): CBaseController->beginWidget('bootstrap.widge...', Array)
#4 /Users/bryan/Sites/tecneeds/yii-1.1.13.e9e4a0/framework/web/CBaseController.php(126): require('/Users/bryan/Si...')
#5 /Users/bryan/Sites/tecneeds/yii-1.1.13.e9e4a0/framework/web/CBaseController.php(95): CBaseController->renderInternal('/Users/bryan/Si...', NULL, true)
#6 /Users/bryan/Sites/tecneeds/yii-1.1.13.e9e4a0/framework/web/CController.php(869): CBaseController->renderFile('/Users/bryan/Si...', NULL, true)
#7 /Users/bryan/Sites/tecneeds/yii-1.1.13.e9e4a0/framework/web/CController.php(782): CController->renderPartial('index', NULL, true)
#8 /Users/bryan/Sites/tecneeds/tecneeds/protected/controllers/SiteController.php(32): CController->render('index')
#9 /Users/bryan/Sites/tecneeds/yii-1.1.13.e9e4a0/framework/web/actions/CInlineAction.php(49): SiteController->actionIndex()
#10 /Users/bryan/Sites/tecneeds/yii-1.1.13.e9e4a0/framework/web/CController.php(308): CInlineAction->runWithParams(Array)
#11 /Users/bryan/Sites/tecneeds/yii-1.1.13.e9e4a0/framework/web/CController.php(286): CController->runAction(Object(CInlineAction))
#12 /Users/bryan/Sites/tecneeds/yii-1.1.13.e9e4a0/framework/web/CController.php(265): CController->runActionWithFilters(Object(CInlineAction), Array)
#13 /Users/bryan/Sites/tecneeds/yii-1.1.13.e9e4a0/framework/web/CWebApplication.php(282): CController->run('')
#14 /Users/bryan/Sites/tecneeds/yii-1.1.13.e9e4a0/framework/web/CWebApplication.php(141): CWebApplication->runController('')
#15 /Users/bryan/Sites/tecneeds/yii-1.1.13.e9e4a0/framework/base/CApplication.php(169): CWebApplication->processRequest()
#16 /Users/bryan/Sites/tecneeds/tecneeds/index.php(13): CApplication->run()
#17 {main}
REQUEST_URI=/tecneeds/
---
2013/03/09 15:13:47 [error] [exception.CException] exception 'CException' with message 'Alias "bootstrap.widgets.TbHeroUnit" is invalid. Make sure it points to an existing PHP file and the file is readable.' in /Users/bryan/Sites/tecneeds/yii-1.1.13.e9e4a0/framework/YiiBase.php:316
Stack trace:
#0 /Users/bryan/Sites/tecneeds/yii-1.1.13.e9e4a0/framework/web/CWidgetFactory.php(146): YiiBase::import('bootstrap.widge...', true)
#1 /Users/bryan/Sites/tecneeds/yii-1.1.13.e9e4a0/framework/web/CBaseController.php(146): CWidgetFactory->createWidget(Object(SiteController), 'bootstrap.widge...', Array)
#2 /Users/bryan/Sites/tecneeds/yii-1.1.13.e9e4a0/framework/web/CBaseController.php(189): CBaseController->createWidget('bootstrap.widge...', Array)
#3 /Users/bryan/Sites/tecneeds/tecneeds/themes/bootstrap/views/site/index.php(9): CBaseController->beginWidget('bootstrap.widge...', Array)
#4 /Users/bryan/Sites/tecneeds/yii-1.1.13.e9e4a0/framework/web/CBaseController.php(126): require('/Users/bryan/Si...')
#5 /Users/bryan/Sites/tecneeds/yii-1.1.13.e9e4a0/framework/web/CBaseController.php(95): CBaseController->renderInternal('/Users/bryan/Si...', NULL, true)
#6 /Users/bryan/Sites/tecneeds/yii-1.1.13.e9e4a0/framework/web/CController.php(869): CBaseController->renderFile('/Users/bryan/Si...', NULL, true)
#7 /Users/bryan/Sites/tecneeds/yii-1.1.13.e9e4a0/framework/web/CController.php(782): CController->renderPartial('index', NULL, true)
#8 /Users/bryan/Sites/tecneeds/tecneeds/protected/controllers/SiteController.php(32): CController->render('index')
#9 /Users/bryan/Sites/tecneeds/yii-1.1.13.e9e4a0/framework/web/actions/CInlineAction.php(49): SiteController->actionIndex()
#10 /Users/bryan/Sites/tecneeds/yii-1.1.13.e9e4a0/framework/web/CController.php(308): CInlineAction->runWithParams(Array)
#11 /Users/bryan/Sites/tecneeds/yii-1.1.13.e9e4a0/framework/web/CController.php(286): CController->runAction(Object(CInlineAction))
#12 /Users/bryan/Sites/tecneeds/yii-1.1.13.e9e4a0/framework/web/CController.php(265): CController->runActionWithFilters(Object(CInlineAction), Array)
#13 /Users/bryan/Sites/tecneeds/yii-1.1.13.e9e4a0/framework/web/CWebApplication.php(282): CController->run('')
#14 /Users/bryan/Sites/tecneeds/yii-1.1.13.e9e4a0/framework/web/CWebApplication.php(141): CWebApplication->runController('')
#15 /Users/bryan/Sites/tecneeds/yii-1.1.13.e9e4a0/framework/base/CApplication.php(169): CWebApplication->processRequest()
#16 /Users/bryan/Sites/tecneeds/tecneeds/index.php(13): CApplication->run()
#17 {main}
REQUEST_URI=/tecneeds/
---
2013/03/09 15:13:48 [error] [exception.CException] exception 'CException' with message 'Alias "bootstrap.widgets.TbHeroUnit" is invalid. Make sure it points to an existing PHP file and the file is readable.' in /Users/bryan/Sites/tecneeds/yii-1.1.13.e9e4a0/framework/YiiBase.php:316
Stack trace:
#0 /Users/bryan/Sites/tecneeds/yii-1.1.13.e9e4a0/framework/web/CWidgetFactory.php(146): YiiBase::import('bootstrap.widge...', true)
#1 /Users/bryan/Sites/tecneeds/yii-1.1.13.e9e4a0/framework/web/CBaseController.php(146): CWidgetFactory->createWidget(Object(SiteController), 'bootstrap.widge...', Array)
#2 /Users/bryan/Sites/tecneeds/yii-1.1.13.e9e4a0/framework/web/CBaseController.php(189): CBaseController->createWidget('bootstrap.widge...', Array)
#3 /Users/bryan/Sites/tecneeds/tecneeds/themes/bootstrap/views/site/index.php(9): CBaseController->beginWidget('bootstrap.widge...', Array)
#4 /Users/bryan/Sites/tecneeds/yii-1.1.13.e9e4a0/framework/web/CBaseController.php(126): require('/Users/bryan/Si...')
#5 /Users/bryan/Sites/tecneeds/yii-1.1.13.e9e4a0/framework/web/CBaseController.php(95): CBaseController->renderInternal('/Users/bryan/Si...', NULL, true)
#6 /Users/bryan/Sites/tecneeds/yii-1.1.13.e9e4a0/framework/web/CController.php(869): CBaseController->renderFile('/Users/bryan/Si...', NULL, true)
#7 /Users/bryan/Sites/tecneeds/yii-1.1.13.e9e4a0/framework/web/CController.php(782): CController->renderPartial('index', NULL, true)
#8 /Users/bryan/Sites/tecneeds/tecneeds/protected/controllers/SiteController.php(32): CController->render('index')
#9 /Users/bryan/Sites/tecneeds/yii-1.1.13.e9e4a0/framework/web/actions/CInlineAction.php(49): SiteController->actionIndex()
#10 /Users/bryan/Sites/tecneeds/yii-1.1.13.e9e4a0/framework/web/CController.php(308): CInlineAction->runWithParams(Array)
#11 /Users/bryan/Sites/tecneeds/yii-1.1.13.e9e4a0/framework/web/CController.php(286): CController->runAction(Object(CInlineAction))
#12 /Users/bryan/Sites/tecneeds/yii-1.1.13.e9e4a0/framework/web/CController.php(265): CController->runActionWithFilters(Object(CInlineAction), Array)
#13 /Users/bryan/Sites/tecneeds/yii-1.1.13.e9e4a0/framework/web/CWebApplication.php(282): CController->run('')
#14 /Users/bryan/Sites/tecneeds/yii-1.1.13.e9e4a0/framework/web/CWebApplication.php(141): CWebApplication->runController('')
#15 /Users/bryan/Sites/tecneeds/yii-1.1.13.e9e4a0/framework/base/CApplication.php(169): CWebApplication->processRequest()
#16 /Users/bryan/Sites/tecneeds/tecneeds/index.php(13): CApplication->run()
#17 {main}
REQUEST_URI=/tecneeds/
---
2013/03/09 15:14:52 [error] [exception.CException] exception 'CException' with message 'Alias "bootstrap.widgets.TbHeroUnit" is invalid. Make sure it points to an existing PHP file and the file is readable.' in /Users/bryan/Sites/tecneeds/yii-1.1.13.e9e4a0/framework/YiiBase.php:316
Stack trace:
#0 /Users/bryan/Sites/tecneeds/yii-1.1.13.e9e4a0/framework/web/CWidgetFactory.php(146): YiiBase::import('bootstrap.widge...', true)
#1 /Users/bryan/Sites/tecneeds/yii-1.1.13.e9e4a0/framework/web/CBaseController.php(146): CWidgetFactory->createWidget(Object(SiteController), 'bootstrap.widge...', Array)
#2 /Users/bryan/Sites/tecneeds/yii-1.1.13.e9e4a0/framework/web/CBaseController.php(189): CBaseController->createWidget('bootstrap.widge...', Array)
#3 /Users/bryan/Sites/tecneeds/tecneeds/themes/bootstrap/views/site/index.php(9): CBaseController->beginWidget('bootstrap.widge...', Array)
#4 /Users/bryan/Sites/tecneeds/yii-1.1.13.e9e4a0/framework/web/CBaseController.php(126): require('/Users/bryan/Si...')
#5 /Users/bryan/Sites/tecneeds/yii-1.1.13.e9e4a0/framework/web/CBaseController.php(95): CBaseController->renderInternal('/Users/bryan/Si...', NULL, true)
#6 /Users/bryan/Sites/tecneeds/yii-1.1.13.e9e4a0/framework/web/CController.php(869): CBaseController->renderFile('/Users/bryan/Si...', NULL, true)
#7 /Users/bryan/Sites/tecneeds/yii-1.1.13.e9e4a0/framework/web/CController.php(782): CController->renderPartial('index', NULL, true)
#8 /Users/bryan/Sites/tecneeds/tecneeds/protected/controllers/SiteController.php(32): CController->render('index')
#9 /Users/bryan/Sites/tecneeds/yii-1.1.13.e9e4a0/framework/web/actions/CInlineAction.php(49): SiteController->actionIndex()
#10 /Users/bryan/Sites/tecneeds/yii-1.1.13.e9e4a0/framework/web/CController.php(308): CInlineAction->runWithParams(Array)
#11 /Users/bryan/Sites/tecneeds/yii-1.1.13.e9e4a0/framework/web/CController.php(286): CController->runAction(Object(CInlineAction))
#12 /Users/bryan/Sites/tecneeds/yii-1.1.13.e9e4a0/framework/web/CController.php(265): CController->runActionWithFilters(Object(CInlineAction), Array)
#13 /Users/bryan/Sites/tecneeds/yii-1.1.13.e9e4a0/framework/web/CWebApplication.php(282): CController->run('')
#14 /Users/bryan/Sites/tecneeds/yii-1.1.13.e9e4a0/framework/web/CWebApplication.php(141): CWebApplication->runController('')
#15 /Users/bryan/Sites/tecneeds/yii-1.1.13.e9e4a0/framework/base/CApplication.php(169): CWebApplication->processRequest()
#16 /Users/bryan/Sites/tecneeds/tecneeds/index.php(13): CApplication->run()
#17 {main}
REQUEST_URI=/tecneeds/
---
2013/03/09 15:14:53 [error] [exception.CException] exception 'CException' with message 'Alias "bootstrap.widgets.TbHeroUnit" is invalid. Make sure it points to an existing PHP file and the file is readable.' in /Users/bryan/Sites/tecneeds/yii-1.1.13.e9e4a0/framework/YiiBase.php:316
Stack trace:
#0 /Users/bryan/Sites/tecneeds/yii-1.1.13.e9e4a0/framework/web/CWidgetFactory.php(146): YiiBase::import('bootstrap.widge...', true)
#1 /Users/bryan/Sites/tecneeds/yii-1.1.13.e9e4a0/framework/web/CBaseController.php(146): CWidgetFactory->createWidget(Object(SiteController), 'bootstrap.widge...', Array)
#2 /Users/bryan/Sites/tecneeds/yii-1.1.13.e9e4a0/framework/web/CBaseController.php(189): CBaseController->createWidget('bootstrap.widge...', Array)
#3 /Users/bryan/Sites/tecneeds/tecneeds/themes/bootstrap/views/site/index.php(9): CBaseController->beginWidget('bootstrap.widge...', Array)
#4 /Users/bryan/Sites/tecneeds/yii-1.1.13.e9e4a0/framework/web/CBaseController.php(126): require('/Users/bryan/Si...')
#5 /Users/bryan/Sites/tecneeds/yii-1.1.13.e9e4a0/framework/web/CBaseController.php(95): CBaseController->renderInternal('/Users/bryan/Si...', NULL, true)
#6 /Users/bryan/Sites/tecneeds/yii-1.1.13.e9e4a0/framework/web/CController.php(869): CBaseController->renderFile('/Users/bryan/Si...', NULL, true)
#7 /Users/bryan/Sites/tecneeds/yii-1.1.13.e9e4a0/framework/web/CController.php(782): CController->renderPartial('index', NULL, true)
#8 /Users/bryan/Sites/tecneeds/tecneeds/protected/controllers/SiteController.php(32): CController->render('index')
#9 /Users/bryan/Sites/tecneeds/yii-1.1.13.e9e4a0/framework/web/actions/CInlineAction.php(49): SiteController->actionIndex()
#10 /Users/bryan/Sites/tecneeds/yii-1.1.13.e9e4a0/framework/web/CController.php(308): CInlineAction->runWithParams(Array)
#11 /Users/bryan/Sites/tecneeds/yii-1.1.13.e9e4a0/framework/web/CController.php(286): CController->runAction(Object(CInlineAction))
#12 /Users/bryan/Sites/tecneeds/yii-1.1.13.e9e4a0/framework/web/CController.php(265): CController->runActionWithFilters(Object(CInlineAction), Array)
#13 /Users/bryan/Sites/tecneeds/yii-1.1.13.e9e4a0/framework/web/CWebApplication.php(282): CController->run('')
#14 /Users/bryan/Sites/tecneeds/yii-1.1.13.e9e4a0/framework/web/CWebApplication.php(141): CWebApplication->runController('')
#15 /Users/bryan/Sites/tecneeds/yii-1.1.13.e9e4a0/framework/base/CApplication.php(169): CWebApplication->processRequest()
#16 /Users/bryan/Sites/tecneeds/tecneeds/index.php(13): CApplication->run()
#17 {main}
REQUEST_URI=/tecneeds/
---
2013/03/09 15:14:53 [error] [exception.CException] exception 'CException' with message 'Alias "bootstrap.widgets.TbHeroUnit" is invalid. Make sure it points to an existing PHP file and the file is readable.' in /Users/bryan/Sites/tecneeds/yii-1.1.13.e9e4a0/framework/YiiBase.php:316
Stack trace:
#0 /Users/bryan/Sites/tecneeds/yii-1.1.13.e9e4a0/framework/web/CWidgetFactory.php(146): YiiBase::import('bootstrap.widge...', true)
#1 /Users/bryan/Sites/tecneeds/yii-1.1.13.e9e4a0/framework/web/CBaseController.php(146): CWidgetFactory->createWidget(Object(SiteController), 'bootstrap.widge...', Array)
#2 /Users/bryan/Sites/tecneeds/yii-1.1.13.e9e4a0/framework/web/CBaseController.php(189): CBaseController->createWidget('bootstrap.widge...', Array)
#3 /Users/bryan/Sites/tecneeds/tecneeds/themes/bootstrap/views/site/index.php(9): CBaseController->beginWidget('bootstrap.widge...', Array)
#4 /Users/bryan/Sites/tecneeds/yii-1.1.13.e9e4a0/framework/web/CBaseController.php(126): require('/Users/bryan/Si...')
#5 /Users/bryan/Sites/tecneeds/yii-1.1.13.e9e4a0/framework/web/CBaseController.php(95): CBaseController->renderInternal('/Users/bryan/Si...', NULL, true)
#6 /Users/bryan/Sites/tecneeds/yii-1.1.13.e9e4a0/framework/web/CController.php(869): CBaseController->renderFile('/Users/bryan/Si...', NULL, true)
#7 /Users/bryan/Sites/tecneeds/yii-1.1.13.e9e4a0/framework/web/CController.php(782): CController->renderPartial('index', NULL, true)
#8 /Users/bryan/Sites/tecneeds/tecneeds/protected/controllers/SiteController.php(32): CController->render('index')
#9 /Users/bryan/Sites/tecneeds/yii-1.1.13.e9e4a0/framework/web/actions/CInlineAction.php(49): SiteController->actionIndex()
#10 /Users/bryan/Sites/tecneeds/yii-1.1.13.e9e4a0/framework/web/CController.php(308): CInlineAction->runWithParams(Array)
#11 /Users/bryan/Sites/tecneeds/yii-1.1.13.e9e4a0/framework/web/CController.php(286): CController->runAction(Object(CInlineAction))
#12 /Users/bryan/Sites/tecneeds/yii-1.1.13.e9e4a0/framework/web/CController.php(265): CController->runActionWithFilters(Object(CInlineAction), Array)
#13 /Users/bryan/Sites/tecneeds/yii-1.1.13.e9e4a0/framework/web/CWebApplication.php(282): CController->run('')
#14 /Users/bryan/Sites/tecneeds/yii-1.1.13.e9e4a0/framework/web/CWebApplication.php(141): CWebApplication->runController('')
#15 /Users/bryan/Sites/tecneeds/yii-1.1.13.e9e4a0/framework/base/CApplication.php(169): CWebApplication->processRequest()
#16 /Users/bryan/Sites/tecneeds/tecneeds/index.php(13): CApplication->run()
#17 {main}
REQUEST_URI=/tecneeds/
---
2013/03/09 15:15:06 [error] [exception.CException] exception 'CException' with message 'Property "CWebUser.bootstrap" is not defined.' in /Users/bryan/Sites/tecneeds/yii-1.1.13.e9e4a0/framework/base/CComponent.php:173
Stack trace:
#0 /Users/bryan/Sites/tecneeds/yii-1.1.13.e9e4a0/framework/web/auth/CWebUser.php(154): CComponent->__set('bootstrap', Array)
#1 /Users/bryan/Sites/tecneeds/yii-1.1.13.e9e4a0/framework/YiiBase.php(220): CWebUser->__set('bootstrap', Array)
#2 /Users/bryan/Sites/tecneeds/yii-1.1.13.e9e4a0/framework/base/CModule.php(386): YiiBase::createComponent(Array)
#3 /Users/bryan/Sites/tecneeds/yii-1.1.13.e9e4a0/framework/base/CModule.php(103): CModule->getComponent('user')
#4 /Users/bryan/Sites/tecneeds/tecneeds/protected/views/layouts/main.php(35): CModule->__get('user')
#5 /Users/bryan/Sites/tecneeds/yii-1.1.13.e9e4a0/framework/web/CBaseController.php(126): require('/Users/bryan/Si...')
#6 /Users/bryan/Sites/tecneeds/yii-1.1.13.e9e4a0/framework/web/CBaseController.php(95): CBaseController->renderInternal('/Users/bryan/Si...', Array, true)
#7 /Users/bryan/Sites/tecneeds/yii-1.1.13.e9e4a0/framework/web/widgets/CContentDecorator.php(76): CBaseController->renderFile('/Users/bryan/Si...', Array, true)
#8 /Users/bryan/Sites/tecneeds/yii-1.1.13.e9e4a0/framework/web/widgets/CContentDecorator.php(54): CContentDecorator->decorate('<div id="conten...')
#9 /Users/bryan/Sites/tecneeds/yii-1.1.13.e9e4a0/framework/web/widgets/COutputProcessor.php(44): CContentDecorator->processOutput('<div id="conten...')
#10 /Users/bryan/Sites/tecneeds/yii-1.1.13.e9e4a0/framework/web/CBaseController.php(206): COutputProcessor->run()
#11 /Users/bryan/Sites/tecneeds/yii-1.1.13.e9e4a0/framework/web/CBaseController.php(300): CBaseController->endWidget('CContentDecorat...')
#12 /Users/bryan/Sites/tecneeds/tecneeds/protected/views/layouts/column1.php(6): CBaseController->endContent()
#13 /Users/bryan/Sites/tecneeds/yii-1.1.13.e9e4a0/framework/web/CBaseController.php(126): require('/Users/bryan/Si...')
#14 /Users/bryan/Sites/tecneeds/yii-1.1.13.e9e4a0/framework/web/CBaseController.php(95): CBaseController->renderInternal('/Users/bryan/Si...', Array, true)
#15 /Users/bryan/Sites/tecneeds/yii-1.1.13.e9e4a0/framework/web/CController.php(784): CBaseController->renderFile('/Users/bryan/Si...', Array, true)
#16 /Users/bryan/Sites/tecneeds/tecneeds/protected/controllers/SiteController.php(32): CController->render('index')
#17 /Users/bryan/Sites/tecneeds/yii-1.1.13.e9e4a0/framework/web/actions/CInlineAction.php(49): SiteController->actionIndex()
#18 /Users/bryan/Sites/tecneeds/yii-1.1.13.e9e4a0/framework/web/CController.php(308): CInlineAction->runWithParams(Array)
#19 /Users/bryan/Sites/tecneeds/yii-1.1.13.e9e4a0/framework/web/CController.php(286): CController->runAction(Object(CInlineAction))
#20 /Users/bryan/Sites/tecneeds/yii-1.1.13.e9e4a0/framework/web/CController.php(265): CController->runActionWithFilters(Object(CInlineAction), Array)
#21 /Users/bryan/Sites/tecneeds/yii-1.1.13.e9e4a0/framework/web/CWebApplication.php(282): CController->run('')
#22 /Users/bryan/Sites/tecneeds/yii-1.1.13.e9e4a0/framework/web/CWebApplication.php(141): CWebApplication->runController('')
#23 /Users/bryan/Sites/tecneeds/yii-1.1.13.e9e4a0/framework/base/CApplication.php(169): CWebApplication->processRequest()
#24 /Users/bryan/Sites/tecneeds/tecneeds/index.php(13): CApplication->run()
#25 {main}
REQUEST_URI=/tecneeds/
---
2013/03/09 15:15:07 [error] [exception.CException] exception 'CException' with message 'Property "CWebUser.bootstrap" is not defined.' in /Users/bryan/Sites/tecneeds/yii-1.1.13.e9e4a0/framework/base/CComponent.php:173
Stack trace:
#0 /Users/bryan/Sites/tecneeds/yii-1.1.13.e9e4a0/framework/web/auth/CWebUser.php(154): CComponent->__set('bootstrap', Array)
#1 /Users/bryan/Sites/tecneeds/yii-1.1.13.e9e4a0/framework/YiiBase.php(220): CWebUser->__set('bootstrap', Array)
#2 /Users/bryan/Sites/tecneeds/yii-1.1.13.e9e4a0/framework/base/CModule.php(386): YiiBase::createComponent(Array)
#3 /Users/bryan/Sites/tecneeds/yii-1.1.13.e9e4a0/framework/base/CModule.php(103): CModule->getComponent('user')
#4 /Users/bryan/Sites/tecneeds/tecneeds/protected/views/layouts/main.php(35): CModule->__get('user')
#5 /Users/bryan/Sites/tecneeds/yii-1.1.13.e9e4a0/framework/web/CBaseController.php(126): require('/Users/bryan/Si...')
#6 /Users/bryan/Sites/tecneeds/yii-1.1.13.e9e4a0/framework/web/CBaseController.php(95): CBaseController->renderInternal('/Users/bryan/Si...', Array, true)
#7 /Users/bryan/Sites/tecneeds/yii-1.1.13.e9e4a0/framework/web/widgets/CContentDecorator.php(76): CBaseController->renderFile('/Users/bryan/Si...', Array, true)
#8 /Users/bryan/Sites/tecneeds/yii-1.1.13.e9e4a0/framework/web/widgets/CContentDecorator.php(54): CContentDecorator->decorate('<div id="conten...')
#9 /Users/bryan/Sites/tecneeds/yii-1.1.13.e9e4a0/framework/web/widgets/COutputProcessor.php(44): CContentDecorator->processOutput('<div id="conten...')
#10 /Users/bryan/Sites/tecneeds/yii-1.1.13.e9e4a0/framework/web/CBaseController.php(206): COutputProcessor->run()
#11 /Users/bryan/Sites/tecneeds/yii-1.1.13.e9e4a0/framework/web/CBaseController.php(300): CBaseController->endWidget('CContentDecorat...')
#12 /Users/bryan/Sites/tecneeds/tecneeds/protected/views/layouts/column1.php(6): CBaseController->endContent()
#13 /Users/bryan/Sites/tecneeds/yii-1.1.13.e9e4a0/framework/web/CBaseController.php(126): require('/Users/bryan/Si...')
#14 /Users/bryan/Sites/tecneeds/yii-1.1.13.e9e4a0/framework/web/CBaseController.php(95): CBaseController->renderInternal('/Users/bryan/Si...', Array, true)
#15 /Users/bryan/Sites/tecneeds/yii-1.1.13.e9e4a0/framework/web/CController.php(784): CBaseController->renderFile('/Users/bryan/Si...', Array, true)
#16 /Users/bryan/Sites/tecneeds/tecneeds/protected/controllers/SiteController.php(32): CController->render('index')
#17 /Users/bryan/Sites/tecneeds/yii-1.1.13.e9e4a0/framework/web/actions/CInlineAction.php(49): SiteController->actionIndex()
#18 /Users/bryan/Sites/tecneeds/yii-1.1.13.e9e4a0/framework/web/CController.php(308): CInlineAction->runWithParams(Array)
#19 /Users/bryan/Sites/tecneeds/yii-1.1.13.e9e4a0/framework/web/CController.php(286): CController->runAction(Object(CInlineAction))
#20 /Users/bryan/Sites/tecneeds/yii-1.1.13.e9e4a0/framework/web/CController.php(265): CController->runActionWithFilters(Object(CInlineAction), Array)
#21 /Users/bryan/Sites/tecneeds/yii-1.1.13.e9e4a0/framework/web/CWebApplication.php(282): CController->run('')
#22 /Users/bryan/Sites/tecneeds/yii-1.1.13.e9e4a0/framework/web/CWebApplication.php(141): CWebApplication->runController('')
#23 /Users/bryan/Sites/tecneeds/yii-1.1.13.e9e4a0/framework/base/CApplication.php(169): CWebApplication->processRequest()
#24 /Users/bryan/Sites/tecneeds/tecneeds/index.php(13): CApplication->run()
#25 {main}
REQUEST_URI=/tecneeds/
---
2013/03/09 15:15:29 [error] [exception.CException] exception 'CException' with message 'Property "CWebUser.bootstrap" is not defined.' in /Users/bryan/Sites/tecneeds/yii-1.1.13.e9e4a0/framework/base/CComponent.php:173
Stack trace:
#0 /Users/bryan/Sites/tecneeds/yii-1.1.13.e9e4a0/framework/web/auth/CWebUser.php(154): CComponent->__set('bootstrap', Array)
#1 /Users/bryan/Sites/tecneeds/yii-1.1.13.e9e4a0/framework/YiiBase.php(220): CWebUser->__set('bootstrap', Array)
#2 /Users/bryan/Sites/tecneeds/yii-1.1.13.e9e4a0/framework/base/CModule.php(386): YiiBase::createComponent(Array)
#3 /Users/bryan/Sites/tecneeds/yii-1.1.13.e9e4a0/framework/base/CModule.php(103): CModule->getComponent('user')
#4 /Users/bryan/Sites/tecneeds/tecneeds/protected/views/layouts/main.php(35): CModule->__get('user')
#5 /Users/bryan/Sites/tecneeds/yii-1.1.13.e9e4a0/framework/web/CBaseController.php(126): require('/Users/bryan/Si...')
#6 /Users/bryan/Sites/tecneeds/yii-1.1.13.e9e4a0/framework/web/CBaseController.php(95): CBaseController->renderInternal('/Users/bryan/Si...', Array, true)
#7 /Users/bryan/Sites/tecneeds/yii-1.1.13.e9e4a0/framework/web/widgets/CContentDecorator.php(76): CBaseController->renderFile('/Users/bryan/Si...', Array, true)
#8 /Users/bryan/Sites/tecneeds/yii-1.1.13.e9e4a0/framework/web/widgets/CContentDecorator.php(54): CContentDecorator->decorate('<div id="conten...')
#9 /Users/bryan/Sites/tecneeds/yii-1.1.13.e9e4a0/framework/web/widgets/COutputProcessor.php(44): CContentDecorator->processOutput('<div id="conten...')
#10 /Users/bryan/Sites/tecneeds/yii-1.1.13.e9e4a0/framework/web/CBaseController.php(206): COutputProcessor->run()
#11 /Users/bryan/Sites/tecneeds/yii-1.1.13.e9e4a0/framework/web/CBaseController.php(300): CBaseController->endWidget('CContentDecorat...')
#12 /Users/bryan/Sites/tecneeds/tecneeds/protected/views/layouts/column1.php(6): CBaseController->endContent()
#13 /Users/bryan/Sites/tecneeds/yii-1.1.13.e9e4a0/framework/web/CBaseController.php(126): require('/Users/bryan/Si...')
#14 /Users/bryan/Sites/tecneeds/yii-1.1.13.e9e4a0/framework/web/CBaseController.php(95): CBaseController->renderInternal('/Users/bryan/Si...', Array, true)
#15 /Users/bryan/Sites/tecneeds/yii-1.1.13.e9e4a0/framework/web/CController.php(784): CBaseController->renderFile('/Users/bryan/Si...', Array, true)
#16 /Users/bryan/Sites/tecneeds/tecneeds/protected/controllers/SiteController.php(32): CController->render('index')
#17 /Users/bryan/Sites/tecneeds/yii-1.1.13.e9e4a0/framework/web/actions/CInlineAction.php(49): SiteController->actionIndex()
#18 /Users/bryan/Sites/tecneeds/yii-1.1.13.e9e4a0/framework/web/CController.php(308): CInlineAction->runWithParams(Array)
#19 /Users/bryan/Sites/tecneeds/yii-1.1.13.e9e4a0/framework/web/CController.php(286): CController->runAction(Object(CInlineAction))
#20 /Users/bryan/Sites/tecneeds/yii-1.1.13.e9e4a0/framework/web/CController.php(265): CController->runActionWithFilters(Object(CInlineAction), Array)
#21 /Users/bryan/Sites/tecneeds/yii-1.1.13.e9e4a0/framework/web/CWebApplication.php(282): CController->run('')
#22 /Users/bryan/Sites/tecneeds/yii-1.1.13.e9e4a0/framework/web/CWebApplication.php(141): CWebApplication->runController('')
#23 /Users/bryan/Sites/tecneeds/yii-1.1.13.e9e4a0/framework/base/CApplication.php(169): CWebApplication->processRequest()
#24 /Users/bryan/Sites/tecneeds/tecneeds/index.php(13): CApplication->run()
#25 {main}
REQUEST_URI=/tecneeds/
---
2013/03/09 15:15:29 [error] [exception.CException] exception 'CException' with message 'Property "CWebUser.bootstrap" is not defined.' in /Users/bryan/Sites/tecneeds/yii-1.1.13.e9e4a0/framework/base/CComponent.php:173
Stack trace:
#0 /Users/bryan/Sites/tecneeds/yii-1.1.13.e9e4a0/framework/web/auth/CWebUser.php(154): CComponent->__set('bootstrap', Array)
#1 /Users/bryan/Sites/tecneeds/yii-1.1.13.e9e4a0/framework/YiiBase.php(220): CWebUser->__set('bootstrap', Array)
#2 /Users/bryan/Sites/tecneeds/yii-1.1.13.e9e4a0/framework/base/CModule.php(386): YiiBase::createComponent(Array)
#3 /Users/bryan/Sites/tecneeds/yii-1.1.13.e9e4a0/framework/base/CModule.php(103): CModule->getComponent('user')
#4 /Users/bryan/Sites/tecneeds/tecneeds/protected/views/layouts/main.php(35): CModule->__get('user')
#5 /Users/bryan/Sites/tecneeds/yii-1.1.13.e9e4a0/framework/web/CBaseController.php(126): require('/Users/bryan/Si...')
#6 /Users/bryan/Sites/tecneeds/yii-1.1.13.e9e4a0/framework/web/CBaseController.php(95): CBaseController->renderInternal('/Users/bryan/Si...', Array, true)
#7 /Users/bryan/Sites/tecneeds/yii-1.1.13.e9e4a0/framework/web/widgets/CContentDecorator.php(76): CBaseController->renderFile('/Users/bryan/Si...', Array, true)
#8 /Users/bryan/Sites/tecneeds/yii-1.1.13.e9e4a0/framework/web/widgets/CContentDecorator.php(54): CContentDecorator->decorate('<div id="conten...')
#9 /Users/bryan/Sites/tecneeds/yii-1.1.13.e9e4a0/framework/web/widgets/COutputProcessor.php(44): CContentDecorator->processOutput('<div id="conten...')
#10 /Users/bryan/Sites/tecneeds/yii-1.1.13.e9e4a0/framework/web/CBaseController.php(206): COutputProcessor->run()
#11 /Users/bryan/Sites/tecneeds/yii-1.1.13.e9e4a0/framework/web/CBaseController.php(300): CBaseController->endWidget('CContentDecorat...')
#12 /Users/bryan/Sites/tecneeds/tecneeds/protected/views/layouts/column1.php(6): CBaseController->endContent()
#13 /Users/bryan/Sites/tecneeds/yii-1.1.13.e9e4a0/framework/web/CBaseController.php(126): require('/Users/bryan/Si...')
#14 /Users/bryan/Sites/tecneeds/yii-1.1.13.e9e4a0/framework/web/CBaseController.php(95): CBaseController->renderInternal('/Users/bryan/Si...', Array, true)
#15 /Users/bryan/Sites/tecneeds/yii-1.1.13.e9e4a0/framework/web/CController.php(784): CBaseController->renderFile('/Users/bryan/Si...', Array, true)
#16 /Users/bryan/Sites/tecneeds/tecneeds/protected/controllers/SiteController.php(32): CController->render('index')
#17 /Users/bryan/Sites/tecneeds/yii-1.1.13.e9e4a0/framework/web/actions/CInlineAction.php(49): SiteController->actionIndex()
#18 /Users/bryan/Sites/tecneeds/yii-1.1.13.e9e4a0/framework/web/CController.php(308): CInlineAction->runWithParams(Array)
#19 /Users/bryan/Sites/tecneeds/yii-1.1.13.e9e4a0/framework/web/CController.php(286): CController->runAction(Object(CInlineAction))
#20 /Users/bryan/Sites/tecneeds/yii-1.1.13.e9e4a0/framework/web/CController.php(265): CController->runActionWithFilters(Object(CInlineAction), Array)
#21 /Users/bryan/Sites/tecneeds/yii-1.1.13.e9e4a0/framework/web/CWebApplication.php(282): CController->run('')
#22 /Users/bryan/Sites/tecneeds/yii-1.1.13.e9e4a0/framework/web/CWebApplication.php(141): CWebApplication->runController('')
#23 /Users/bryan/Sites/tecneeds/yii-1.1.13.e9e4a0/framework/base/CApplication.php(169): CWebApplication->processRequest()
#24 /Users/bryan/Sites/tecneeds/tecneeds/index.php(13): CApplication->run()
#25 {main}
REQUEST_URI=/tecneeds/
---
2013/03/09 15:15:44 [error] [exception.CException] exception 'CException' with message 'Property "CWebUser.bootstrap" is not defined.' in /Users/bryan/Sites/tecneeds/yii-1.1.13.e9e4a0/framework/base/CComponent.php:173
Stack trace:
#0 /Users/bryan/Sites/tecneeds/yii-1.1.13.e9e4a0/framework/web/auth/CWebUser.php(154): CComponent->__set('bootstrap', Array)
#1 /Users/bryan/Sites/tecneeds/yii-1.1.13.e9e4a0/framework/YiiBase.php(220): CWebUser->__set('bootstrap', Array)
#2 /Users/bryan/Sites/tecneeds/yii-1.1.13.e9e4a0/framework/base/CModule.php(386): YiiBase::createComponent(Array)
#3 /Users/bryan/Sites/tecneeds/yii-1.1.13.e9e4a0/framework/base/CModule.php(103): CModule->getComponent('user')
#4 /Users/bryan/Sites/tecneeds/tecneeds/protected/views/layouts/main.php(35): CModule->__get('user')
#5 /Users/bryan/Sites/tecneeds/yii-1.1.13.e9e4a0/framework/web/CBaseController.php(126): require('/Users/bryan/Si...')
#6 /Users/bryan/Sites/tecneeds/yii-1.1.13.e9e4a0/framework/web/CBaseController.php(95): CBaseController->renderInternal('/Users/bryan/Si...', Array, true)
#7 /Users/bryan/Sites/tecneeds/yii-1.1.13.e9e4a0/framework/web/widgets/CContentDecorator.php(76): CBaseController->renderFile('/Users/bryan/Si...', Array, true)
#8 /Users/bryan/Sites/tecneeds/yii-1.1.13.e9e4a0/framework/web/widgets/CContentDecorator.php(54): CContentDecorator->decorate('<div id="conten...')
#9 /Users/bryan/Sites/tecneeds/yii-1.1.13.e9e4a0/framework/web/widgets/COutputProcessor.php(44): CContentDecorator->processOutput('<div id="conten...')
#10 /Users/bryan/Sites/tecneeds/yii-1.1.13.e9e4a0/framework/web/CBaseController.php(206): COutputProcessor->run()
#11 /Users/bryan/Sites/tecneeds/yii-1.1.13.e9e4a0/framework/web/CBaseController.php(300): CBaseController->endWidget('CContentDecorat...')
#12 /Users/bryan/Sites/tecneeds/tecneeds/protected/views/layouts/column1.php(6): CBaseController->endContent()
#13 /Users/bryan/Sites/tecneeds/yii-1.1.13.e9e4a0/framework/web/CBaseController.php(126): require('/Users/bryan/Si...')
#14 /Users/bryan/Sites/tecneeds/yii-1.1.13.e9e4a0/framework/web/CBaseController.php(95): CBaseController->renderInternal('/Users/bryan/Si...', Array, true)
#15 /Users/bryan/Sites/tecneeds/yii-1.1.13.e9e4a0/framework/web/CController.php(784): CBaseController->renderFile('/Users/bryan/Si...', Array, true)
#16 /Users/bryan/Sites/tecneeds/tecneeds/protected/controllers/SiteController.php(32): CController->render('index')
#17 /Users/bryan/Sites/tecneeds/yii-1.1.13.e9e4a0/framework/web/actions/CInlineAction.php(49): SiteController->actionIndex()
#18 /Users/bryan/Sites/tecneeds/yii-1.1.13.e9e4a0/framework/web/CController.php(308): CInlineAction->runWithParams(Array)
#19 /Users/bryan/Sites/tecneeds/yii-1.1.13.e9e4a0/framework/web/CController.php(286): CController->runAction(Object(CInlineAction))
#20 /Users/bryan/Sites/tecneeds/yii-1.1.13.e9e4a0/framework/web/CController.php(265): CController->runActionWithFilters(Object(CInlineAction), Array)
#21 /Users/bryan/Sites/tecneeds/yii-1.1.13.e9e4a0/framework/web/CWebApplication.php(282): CController->run('')
#22 /Users/bryan/Sites/tecneeds/yii-1.1.13.e9e4a0/framework/web/CWebApplication.php(141): CWebApplication->runController('')
#23 /Users/bryan/Sites/tecneeds/yii-1.1.13.e9e4a0/framework/base/CApplication.php(169): CWebApplication->processRequest()
#24 /Users/bryan/Sites/tecneeds/tecneeds/index.php(13): CApplication->run()
#25 {main}
REQUEST_URI=/tecneeds/
---
